[DATABASE] Using Neon Serverless PostgreSQL
[DATABASE] Connection pool: size=10, max_overflow=5, recycle=3600s
[MAIN] Importing tasks router...
[MAIN] Tasks router imported. Routes: ['/api/{user_id}/tasks', '/api/{user_id}/tasks', '/api/{user_id}/tasks/{id}', '/api/{user_id}/tasks/{id}', '/api/{user_id}/tasks/{id}', '/api/{user_id}/tasks/{id}/complete', '/api/{user_id}/tasks/{id}/incomplete', '/api/{user_id}/tasks/{id}/status']
[MAIN] Importing auth router...
[MAIN] Auth router imported. Routes: ['/auth/signup', '/auth/signin', '/auth/signout']
[MAIN] Importing chat router...
[MAIN] Chat router imported. Routes: ['/api/{user_id}/chat', '/api/{user_id}/conversations', '/api/{user_id}/conversations/{conversation_id}/history']
[MAIN] Creating FastAPI app...
[MAIN] FastAPI app created
[MAIN] Including auth_router with 3 routes...
[MAIN] Including tasks_router with 8 routes...
[MAIN] Including chat_router with 3 routes...
[MAIN] All app routes: ['/api/{user_id}/chat', '/api/{user_id}/conversations', '/api/{user_id}/conversations/{conversation_id}/history', '/api/{user_id}/tasks', '/api/{user_id}/tasks', '/api/{user_id}/tasks/{id}', '/api/{user_id}/tasks/{id}', '/api/{user_id}/tasks/{id}', '/api/{user_id}/tasks/{id}/complete', '/api/{user_id}/tasks/{id}/incomplete', '/api/{user_id}/tasks/{id}/status', '/auth/signin', '/auth/signout', '/auth/signup', '/docs', '/docs/oauth2-redirect', '/openapi.json', '/redoc']
INFO:     Started server process [22248]
INFO:     Waiting for application startup.
INFO:     Application startup complete.
ERROR:    [Errno 10048] error while attempting to bind on address ('0.0.0.0', 8000): [winerror 10048] only one usage of each socket address (protocol/network address/port) is normally permitted
INFO:     Waiting for application shutdown.
INFO:     Application shutdown complete.
[MAIN] Importing tasks router...
[MAIN] Tasks router imported. Routes: ['/api/{user_id}/tasks', '/api/{user_id}/tasks', '/api/{user_id}/tasks/{id}', '/api/{user_id}/tasks/{id}', '/api/{user_id}/tasks/{id}', '/api/{user_id}/tasks/{id}/complete', '/api/{user_id}/tasks/{id}/incomplete', '/api/{user_id}/tasks/{id}/status']
[MAIN] Importing auth router...
[MAIN] Auth router imported. Routes: ['/auth/signup', '/auth/signin', '/auth/signout']
[MAIN] Importing chat router...
[MAIN] Chat router imported. Routes: ['/api/{user_id}/chat', '/api/{user_id}/conversations', '/api/{user_id}/conversations/{conversation_id}/history']
[MAIN] Creating FastAPI app...
[MAIN] FastAPI app created
[MAIN] Including auth_router with 3 routes...
[MAIN] Including tasks_router with 8 routes...
[MAIN] Including chat_router with 3 routes...
[MAIN] All app routes: ['/api/{user_id}/chat', '/api/{user_id}/conversations', '/api/{user_id}/conversations/{conversation_id}/history', '/api/{user_id}/tasks', '/api/{user_id}/tasks', '/api/{user_id}/tasks/{id}', '/api/{user_id}/tasks/{id}', '/api/{user_id}/tasks/{id}', '/api/{user_id}/tasks/{id}/complete', '/api/{user_id}/tasks/{id}/incomplete', '/api/{user_id}/tasks/{id}/status', '/auth/signin', '/auth/signout', '/auth/signup', '/docs', '/docs/oauth2-redirect', '/openapi.json', '/redoc']
[OK] DATABASE_URL configured
[OK] BETTER_AUTH_SECRET configured (42 characters)
[DATABASE] All tables created successfully
Database tables created successfully
